mode: set
clean_architecture/golang/domains/blog/body.go:15.42,18.16 3 1
clean_architecture/golang/domains/blog/body.go:21.2,21.18 1 1
clean_architecture/golang/domains/blog/body.go:18.16,20.3 1 1
clean_architecture/golang/domains/blog/body.go:24.47,28.16 3 1
clean_architecture/golang/domains/blog/body.go:31.2,31.19 1 1
clean_architecture/golang/domains/blog/body.go:28.16,30.3 1 1
clean_architecture/golang/domains/blog/id.go:9.35,11.2 1 1
clean_architecture/golang/domains/blog/id.go:13.30,15.2 1 1
clean_architecture/golang/domains/blog/title.go:13.44,16.16 3 1
clean_architecture/golang/domains/blog/title.go:19.2,19.19 1 1
clean_architecture/golang/domains/blog/title.go:16.16,18.3 1 1
clean_architecture/golang/domains/blog/title.go:22.49,25.16 3 1
clean_architecture/golang/domains/blog/title.go:28.2,28.20 1 1
clean_architecture/golang/domains/blog/title.go:25.16,27.3 1 1
clean_architecture/golang/domains/blog.go:18.53,23.2 1 1
clean_architecture/golang/domains/blog.go:27.67,33.2 1 1
clean_architecture/golang/domains/blog.go:52.52,55.2 2 1
clean_architecture/golang/domains/blog.go:57.49,60.2 2 1
clean_architecture/golang/domains/blogs.go:8.35,10.2 1 1
clean_architecture/golang/domains/blogs.go:16.31,18.2 1 1
clean_architecture/golang/domains/blogs.go:20.25,22.2 1 1
clean_architecture/golang/domains/blogs.go:23.67,24.16 1 1
clean_architecture/golang/domains/blogs.go:28.2,30.13 3 1
clean_architecture/golang/domains/blogs.go:34.2,34.21 1 1
clean_architecture/golang/domains/blogs.go:38.2,39.21 2 1
clean_architecture/golang/domains/blogs.go:43.2,43.29 1 1
clean_architecture/golang/domains/blogs.go:24.16,26.3 1 1
clean_architecture/golang/domains/blogs.go:30.13,32.3 1 1
clean_architecture/golang/domains/blogs.go:34.21,36.3 1 1
clean_architecture/golang/domains/blogs.go:39.21,41.3 1 1
clean_architecture/golang/adapters/dao.blogRW/readWriter.go:16.26,20.2 1 1
clean_architecture/golang/adapters/dao.blogRW/readWriter.go:30.47,34.16 3 1
clean_architecture/golang/adapters/dao.blogRW/readWriter.go:38.2,38.18 1 1
clean_architecture/golang/adapters/dao.blogRW/readWriter.go:59.2,60.24 2 1
clean_architecture/golang/adapters/dao.blogRW/readWriter.go:34.16,36.3 1 1
clean_architecture/golang/adapters/dao.blogRW/readWriter.go:38.18,47.17 2 1
clean_architecture/golang/adapters/dao.blogRW/readWriter.go:52.3,57.33 5 1
clean_architecture/golang/adapters/dao.blogRW/readWriter.go:47.17,50.4 2 0
clean_architecture/golang/adapters/dao.blogRW/readWriter.go:63.53,74.16 4 1
clean_architecture/golang/adapters/dao.blogRW/readWriter.go:79.2,83.22 5 1
clean_architecture/golang/adapters/dao.blogRW/readWriter.go:74.16,77.3 2 1
clean_architecture/golang/adapters/dao.blogRW/readWriter.go:87.66,92.16 3 1
clean_architecture/golang/adapters/dao.blogRW/readWriter.go:97.2,101.19 5 1
clean_architecture/golang/adapters/dao.blogRW/readWriter.go:92.16,95.3 2 1
clean_architecture/golang/adapters/dao.blogRW/readWriter.go:104.80,109.16 3 0
clean_architecture/golang/adapters/dao.blogRW/readWriter.go:114.2,118.19 5 0
clean_architecture/golang/adapters/dao.blogRW/readWriter.go:109.16,112.3 2 0
clean_architecture/golang/adapters/dao.blogRW/readWriter.go:122.71,127.16 2 1
clean_architecture/golang/adapters/dao.blogRW/readWriter.go:132.2,136.22 5 1
clean_architecture/golang/adapters/dao.blogRW/readWriter.go:127.16,130.3 2 1
clean_architecture/golang/adapters/dao.blogRW/readWriter.go:139.35,140.80 1 1
clean_architecture/golang/adapters/dao.blogRW/readWriter.go:143.2,143.12 1 1
clean_architecture/golang/adapters/dao.blogRW/readWriter.go:140.80,142.3 1 1
clean_architecture/golang/adapters/gin.server/blogGetAll.go:18.53,20.16 2 1
clean_architecture/golang/adapters/gin.server/blogGetAll.go:24.2,25.16 2 1
clean_architecture/golang/adapters/gin.server/blogGetAll.go:29.2,34.34 2 1
clean_architecture/golang/adapters/gin.server/blogGetAll.go:20.16,22.3 1 1
clean_architecture/golang/adapters/gin.server/blogGetAll.go:25.16,27.3 1 1
clean_architecture/golang/adapters/gin.server/blogPatch.go:14.51,18.40 3 1
clean_architecture/golang/adapters/gin.server/blogPatch.go:24.2,25.16 2 1
clean_architecture/golang/adapters/gin.server/blogPatch.go:31.2,39.32 2 1
clean_architecture/golang/adapters/gin.server/blogPatch.go:18.40,22.3 3 0
clean_architecture/golang/adapters/gin.server/blogPatch.go:25.16,29.3 3 0
clean_architecture/golang/adapters/gin.server/blogPost.go:20.50,24.40 3 1
clean_architecture/golang/adapters/gin.server/blogPost.go:30.2,38.34 2 1
clean_architecture/golang/adapters/gin.server/blogPost.go:24.40,28.3 3 0
clean_architecture/golang/adapters/gin.server/ROUTER.go:15.44,19.2 1 1
clean_architecture/golang/adapters/gin.server/ROUTER.go:21.72,26.2 1 0
clean_architecture/golang/adapters/gin.server/ROUTER.go:28.50,33.2 3 1
clean_architecture/golang/adapters/gin.server/ROUTER.go:35.59,43.2 7 1
clean_architecture/golang/adapters/gin.server/ROUTER.go:45.56,46.30 1 1
clean_architecture/golang/adapters/gin.server/ROUTER.go:46.30,48.30 2 1
clean_architecture/golang/adapters/gin.server/ROUTER.go:48.30,50.40 2 0
clean_architecture/golang/adapters/gin.server/ROUTER.go:56.4,63.5 1 0
clean_architecture/golang/adapters/gin.server/ROUTER.go:50.40,54.5 3 0
clean_architecture/golang/adapters/gin.server/ROUTER.go:70.64,71.35 1 1
clean_architecture/golang/adapters/gin.server/ROUTER.go:71.35,73.3 1 0
clean_architecture/golang/adapters/gin.server/ROUTER.go:76.59,78.2 1 1
clean_architecture/golang/adapters/gin.server/blogDelete.go:14.52,18.16 3 1
clean_architecture/golang/adapters/gin.server/blogDelete.go:24.2,30.34 2 1
clean_architecture/golang/adapters/gin.server/blogDelete.go:18.16,22.3 3 0
clean_architecture/golang/adapters/gin.server/blogGet.go:14.49,18.16 3 1
clean_architecture/golang/adapters/gin.server/blogGet.go:24.2,28.31 2 1
clean_architecture/golang/adapters/gin.server/blogGet.go:18.16,22.3 3 0
clean_architecture/golang/usecases/blogCreate.go:18.54,20.16 2 1
clean_architecture/golang/usecases/blogCreate.go:25.2,26.16 2 1
clean_architecture/golang/usecases/blogCreate.go:31.2,34.16 3 1
clean_architecture/golang/usecases/blogCreate.go:39.2,39.39 1 1
clean_architecture/golang/usecases/blogCreate.go:20.16,23.3 2 0
clean_architecture/golang/usecases/blogCreate.go:26.16,29.3 2 0
clean_architecture/golang/usecases/blogCreate.go:34.16,37.3 2 1
clean_architecture/golang/usecases/blogDelete.go:16.54,17.57 1 1
clean_architecture/golang/usecases/blogDelete.go:17.57,20.3 2 1
clean_architecture/golang/usecases/blogEdit.go:26.50,31.16 4 1
clean_architecture/golang/usecases/blogEdit.go:36.2,36.17 1 1
clean_architecture/golang/usecases/blogEdit.go:41.2,42.19 2 1
clean_architecture/golang/usecases/blogEdit.go:47.2,48.16 2 1
clean_architecture/golang/usecases/blogEdit.go:53.2,54.16 2 1
clean_architecture/golang/usecases/blogEdit.go:59.2,60.16 2 1
clean_architecture/golang/usecases/blogEdit.go:65.2,65.36 1 1
clean_architecture/golang/usecases/blogEdit.go:31.16,34.3 2 1
clean_architecture/golang/usecases/blogEdit.go:36.17,39.3 2 1
clean_architecture/golang/usecases/blogEdit.go:42.19,45.3 2 0
clean_architecture/golang/usecases/blogEdit.go:48.16,51.3 2 0
clean_architecture/golang/usecases/blogEdit.go:54.16,57.3 2 0
clean_architecture/golang/usecases/blogEdit.go:60.16,63.3 2 1
clean_architecture/golang/usecases/blogGet.go:16.48,18.16 2 1
clean_architecture/golang/usecases/blogGet.go:23.2,23.17 1 1
clean_architecture/golang/usecases/blogGet.go:28.2,28.29 1 1
clean_architecture/golang/usecases/blogGet.go:18.16,21.3 2 1
clean_architecture/golang/usecases/blogGet.go:23.17,26.3 2 1
clean_architecture/golang/usecases/blogGetAll.go:17.52,19.16 2 1
clean_architecture/golang/usecases/blogGetAll.go:24.2,26.31 2 1
clean_architecture/golang/usecases/blogGetAll.go:19.16,22.3 2 1
clean_architecture/golang/usecases/HANDLER.go:27.43,28.21 1 1
clean_architecture/golang/usecases/HANDLER.go:31.2,31.21 1 1
clean_architecture/golang/usecases/HANDLER.go:34.2,34.24 1 1
clean_architecture/golang/usecases/HANDLER.go:37.2,37.28 1 1
clean_architecture/golang/usecases/HANDLER.go:41.2,47.3 1 1
clean_architecture/golang/usecases/HANDLER.go:28.21,30.3 1 0
clean_architecture/golang/usecases/HANDLER.go:31.21,33.3 1 0
clean_architecture/golang/usecases/HANDLER.go:34.24,36.3 1 0
clean_architecture/golang/usecases/HANDLER.go:37.28,39.3 1 0
