mode: set
clean_architecture/golang/adapters/dao.blogRW/readWriter.go:16.26,20.2 1 1
clean_architecture/golang/adapters/dao.blogRW/readWriter.go:30.47,34.16 3 1
clean_architecture/golang/adapters/dao.blogRW/readWriter.go:45.2,45.18 1 1
clean_architecture/golang/adapters/dao.blogRW/readWriter.go:67.2,68.24 2 1
clean_architecture/golang/adapters/dao.blogRW/readWriter.go:34.16,36.3 1 0
clean_architecture/golang/adapters/dao.blogRW/readWriter.go:45.18,55.17 2 1
clean_architecture/golang/adapters/dao.blogRW/readWriter.go:60.3,65.33 5 1
clean_architecture/golang/adapters/dao.blogRW/readWriter.go:55.17,58.4 2 0
clean_architecture/golang/adapters/dao.blogRW/readWriter.go:71.53,82.16 4 0
clean_architecture/golang/adapters/dao.blogRW/readWriter.go:87.2,91.22 5 0
clean_architecture/golang/adapters/dao.blogRW/readWriter.go:82.16,85.3 2 0
clean_architecture/golang/adapters/dao.blogRW/readWriter.go:95.66,100.16 3 0
clean_architecture/golang/adapters/dao.blogRW/readWriter.go:105.2,109.19 5 0
clean_architecture/golang/adapters/dao.blogRW/readWriter.go:100.16,103.3 2 0
clean_architecture/golang/adapters/dao.blogRW/readWriter.go:112.80,117.16 3 0
clean_architecture/golang/adapters/dao.blogRW/readWriter.go:122.2,126.19 5 0
clean_architecture/golang/adapters/dao.blogRW/readWriter.go:117.16,120.3 2 0
clean_architecture/golang/adapters/dao.blogRW/readWriter.go:131.71,136.16 2 0
clean_architecture/golang/adapters/dao.blogRW/readWriter.go:141.2,145.22 5 0
clean_architecture/golang/adapters/dao.blogRW/readWriter.go:136.16,139.3 2 0
clean_architecture/golang/adapters/dao.blogRW/readWriter.go:148.35,151.47 1 0
clean_architecture/golang/adapters/dao.blogRW/readWriter.go:154.2,154.12 1 0
clean_architecture/golang/adapters/dao.blogRW/readWriter.go:151.47,153.3 1 0
clean_architecture/golang/domains/blog.go:18.53,23.2 1 1
clean_architecture/golang/domains/blog.go:27.67,33.2 1 1
clean_architecture/golang/domains/blog.go:35.29,37.2 1 1
clean_architecture/golang/domains/blog.go:39.35,41.2 1 1
clean_architecture/golang/domains/blog.go:43.33,45.2 1 1
clean_architecture/golang/domains/blog.go:46.38,48.2 1 1
clean_architecture/golang/domains/blog.go:49.38,51.2 1 1
clean_architecture/golang/domains/blog.go:52.52,55.2 2 1
clean_architecture/golang/domains/blog.go:57.49,60.2 2 1
clean_architecture/golang/domains/blogs.go:8.35,10.2 1 1
clean_architecture/golang/domains/blogs.go:12.35,14.2 1 1
clean_architecture/golang/domains/blogs.go:16.31,18.2 1 1
clean_architecture/golang/domains/blogs.go:20.25,22.2 1 1
clean_architecture/golang/domains/blogs.go:23.67,24.16 1 1
clean_architecture/golang/domains/blogs.go:28.2,30.13 3 1
clean_architecture/golang/domains/blogs.go:34.2,34.21 1 1
clean_architecture/golang/domains/blogs.go:38.2,39.21 2 1
clean_architecture/golang/domains/blogs.go:43.2,43.31 1 1
clean_architecture/golang/domains/blogs.go:24.16,26.3 1 1
clean_architecture/golang/domains/blogs.go:30.13,32.3 1 1
clean_architecture/golang/domains/blogs.go:34.21,36.3 1 1
clean_architecture/golang/domains/blogs.go:39.21,41.3 1 1
clean_architecture/golang/domains/blog/id.go:9.35,11.2 1 1
clean_architecture/golang/domains/blog/id.go:13.30,15.2 1 1
clean_architecture/golang/domains/blog/id.go:17.26,19.2 1 1
clean_architecture/golang/domains/blog/title.go:15.44,25.2 3 1
clean_architecture/golang/domains/blog/title.go:27.49,34.2 1 1
clean_architecture/golang/domains/blog/title.go:36.35,38.2 1 1
clean_architecture/golang/domains/blog/body.go:11.42,19.2 1 1
clean_architecture/golang/domains/blog/body.go:21.47,28.2 1 1
clean_architecture/golang/domains/blog/body.go:30.33,32.2 1 1
